[15:40:56] [1/5] jiangxi_德安县 — 德安县 (江西省)
[15:40:56]   -> build_德安县_data.py | data/database/德安县_network.db | data/graph/德安县_network.gexf
[15:40:56]   opencode start...
[15:46:25]   exit=0  log=340080b
[15:46:25] 
[15:46:25] [2/5] jiangxi_瑞昌市 — 瑞昌市 (江西省)
[15:46:25]   -> build_瑞昌市_data.py | data/database/瑞昌市_network.db | data/graph/瑞昌市_network.gexf
[15:46:25]   opencode start...
[15:51:05]   exit=0  log=330089b
[15:51:05] 
[15:51:06] [3/5] jiangxi_昌江区 — 昌江区 (江西省)
[15:51:06]   -> build_昌江区_data.py | data/database/昌江区_network.db | data/graph/昌江区_network.gexf
[15:51:06]   opencode start...
[15:51:40]   exit=0  log=214058b
[15:51:40] 
[15:51:40] [4/5] jiangxi_珠山区 — 珠山区 (江西省)
[15:51:40]   -> build_珠山区_data.py | data/database/珠山区_network.db | data/graph/珠山区_network.gexf
[15:51:40]   opencode start...
[15:53:52]   exit=0  log=83471b
[15:53:52] 
[15:53:52] [5/5] jiangxi_浮梁县 — 浮梁县 (江西省)
[15:53:52]   -> build_浮梁县_data.py | data/database/浮梁县_network.db | data/graph/浮梁县_network.gexf
[15:53:52]   opencode start...
[15:55:20]   exit=0  log=96187b
[15:55:20] 
