[2026-07-14 15:23:32] ==================== Item 1/5 ====================
[2026-07-14 15:23:32] Task:     jiangxi_柴桑区
[2026-07-14 15:23:32] Region:   柴桑区 (市辖区) — 江西省
[2026-07-14 15:23:32] Parent:   九江市
[2026-07-14 15:23:32] Targets:  区委书记 & 区长
[2026-07-14 15:23:32] Desc:     调研柴桑区市辖区的区委书记和区长履历及工作关系网络
[2026-07-14 15:23:32] Script:   build_柴桑区_data.py
[2026-07-14 15:23:32] DB:       data/database/柴桑区_network.db
[2026-07-14 15:23:32] GEXF:     data/graph/柴桑区_network.gexf
Log: /workspace/data/xieming/other-codes/gov-relation/logs/jiangxi_柴桑区.log
[2026-07-14 15:23:32] Running opencode -m iagent/standard --variant ulw...
[2026-07-14 15:23:59] Exit code: 0
[2026-07-14 15:23:59] Log size: 101591 bytes
[2026-07-14 15:23:59] Log last 10 lines:
  timestamp=2026-07-14T15:23:58.742Z level=INFO run=0ae55dd8 message=cancel session.id=ses_09ec5c976ffeHcaN5DS99FMSWm
  timestamp=2026-07-14T15:23:58.743Z level=INFO run=0ae55dd8 message=cancel session.id=ses_09ec5bf71ffe3BxE7TVvvoLlMT
  timestamp=2026-07-14T15:23:58.744Z level=ERROR run=0ae55dd8 message=process session.id=ses_09ec5d4c7ffe2wskpTaLb2L8H1 messageID=msg_f613a49ee001b1o24FlEXoJrI7 error=Aborted stack=undefined
  timestamp=2026-07-14T15:23:58.752Z level=ERROR run=0ae55dd8 message=process session.id=ses_09ec5ddcfffedYRciZj9U5FNdb messageID=msg_f613a436b0016UtCFY5U0yV4CU error=Aborted stack=undefined
  timestamp=2026-07-14T15:23:58.786Z level=INFO run=0ae55dd8 message=cancel session.id=ses_09ec5c976ffeHcaN5DS99FMSWm
  timestamp=2026-07-14T15:23:58.797Z level=INFO run=0ae55dd8 message=cancel session.id=ses_09ec5e5abffe85J2K4Ni2j2LEv
  timestamp=2026-07-14T15:23:58.799Z level=INFO run=0ae55dd8 message=cancel session.id=ses_09ec5ddcfffedYRciZj9U5FNdb
  timestamp=2026-07-14T15:23:58.801Z level=INFO run=0ae55dd8 message=cancel session.id=ses_09ec5d4c7ffe2wskpTaLb2L8H1
  timestamp=2026-07-14T15:23:59.026Z level=ERROR run=0ae55dd8 message="prompt_async failed" sessionID=ses_09ec61329ffeRXH0yIeuQ3JGPa cause="Cause([Die(UnknownError: UnknownError)])"
  timestamp=2026-07-14T15:23:59.037Z level=ERROR run=0ae55dd8 message=process session.id=ses_09ec5e5abffe85J2K4Ni2j2LEv messageID=msg_f613a4952001kbHIjRCBbmsItO error=Aborted stack=undefined
[2026-07-14 15:23:59] 
