[15:40:09] [1/5] jiangxi_永修县 — 永修县 (江西省)
[15:40:09]   -> build_永修县_data.py | data/database/永修县_network.db | data/graph/永修县_network.gexf
[15:40:09]   opencode start...
[15:40:37]   exit=0  log=46353b
[15:40:37] 
[15:40:38] [2/5] jiangxi_德安县 — 德安县 (江西省)
[15:40:38]   -> build_德安县_data.py | data/database/德安县_network.db | data/graph/德安县_network.gexf
[15:40:38]   opencode start...
[15:41:27]   exit=0  log=163621b
[15:41:27] 
[15:41:27] [3/5] jiangxi_都昌县 — 都昌县 (江西省)
[15:41:27]   -> build_都昌县_data.py | data/database/都昌县_network.db | data/graph/都昌县_network.gexf
[15:41:27]   opencode start...
[15:41:53]   exit=0  log=34169b
[15:41:53] 
[15:41:53] [4/5] jiangxi_湖口县 — 湖口县 (江西省)
[15:41:53]   -> build_湖口县_data.py | data/database/湖口县_network.db | data/graph/湖口县_network.gexf
[15:41:53]   opencode start...
[15:42:51]   exit=0  log=64311b
[15:42:51] 
[15:42:51] [5/5] jiangxi_彭泽县 — 彭泽县 (江西省)
[15:42:52]   -> build_彭泽县_data.py | data/database/彭泽县_network.db | data/graph/彭泽县_network.gexf
[15:42:52]   opencode start...
[15:45:41]   exit=0  log=172885b
[15:45:41] 
