[2026-07-14 15:39:26] === Item 1/5: jiangxi_永修县 ===
[2026-07-14 15:39:26] Region: 永修县 (县) — 江西省  Targets: 县委书记 & 县长
[2026-07-14 15:39:26] Script: build_永修县_data.py  DB: data/database/永修县_network.db  GEXF: data/graph/永修县_network.gexf
[2026-07-14 15:39:26] Running opencode... log: /workspace/data/xieming/other-codes/gov-relation/logs/jiangxi_永修县.log
[2026-07-14 15:45:23] opencode exit: 0
[2026-07-14 15:45:23] 
[2026-07-14 15:45:23] === Item 2/5: jiangxi_彭泽县 ===
[2026-07-14 15:45:23] Region: 彭泽县 (县) — 江西省  Targets: 县委书记 & 县长
[2026-07-14 15:45:23] Script: build_彭泽县_data.py  DB: data/database/彭泽县_network.db  GEXF: data/graph/彭泽县_network.gexf
[2026-07-14 15:45:23] Running opencode... log: /workspace/data/xieming/other-codes/gov-relation/logs/jiangxi_彭泽县.log
[2026-07-14 15:46:00] opencode exit: 0
[2026-07-14 15:46:00] 
[2026-07-14 15:46:01] === Item 3/5: jiangxi_瑞昌市 ===
[2026-07-14 15:46:01] Region: 瑞昌市 (县级市) — 江西省  Targets: 市委书记 & 市长
[2026-07-14 15:46:01] Script: build_瑞昌市_data.py  DB: data/database/瑞昌市_network.db  GEXF: data/graph/瑞昌市_network.gexf
[2026-07-14 15:46:01] Running opencode... log: /workspace/data/xieming/other-codes/gov-relation/logs/jiangxi_瑞昌市.log
[2026-07-14 15:47:09] opencode exit: 0
[2026-07-14 15:47:09] 
[2026-07-14 15:47:10] === Item 4/5: jiangxi_共青城市 ===
[2026-07-14 15:47:10] Region: 共青城市 (县级市) — 江西省  Targets: 市委书记 & 市长
[2026-07-14 15:47:10] Script: build_共青城市_data.py  DB: data/database/共青城市_network.db  GEXF: data/graph/共青城市_network.gexf
[2026-07-14 15:47:10] Running opencode... log: /workspace/data/xieming/other-codes/gov-relation/logs/jiangxi_共青城市.log
[2026-07-14 15:47:48] opencode exit: 0
[2026-07-14 15:47:48] 
[2026-07-14 15:47:49] === Item 5/5: jiangxi_庐山市 ===
[2026-07-14 15:47:49] Region: 庐山市 (县级市) — 江西省  Targets: 市委书记 & 市长
[2026-07-14 15:47:49] Script: build_庐山市_data.py  DB: data/database/庐山市_network.db  GEXF: data/graph/庐山市_network.gexf
[2026-07-14 15:47:49] Running opencode... log: /workspace/data/xieming/other-codes/gov-relation/logs/jiangxi_庐山市.log
[2026-07-14 15:49:31] opencode exit: 0
[2026-07-14 15:49:31] 
